<?xml version="1.0" encoding="UTF-8"?>
<testsuite xmlns:xsi="http://www.w3.org/2001/XMLSchema-instance" xsi:schemaLocation="https://maven.apache.org/surefire/maven-surefire-plugin/xsd/surefire-test-report.xsd" name="StepDef.RunnerClass" time="251.2" tests="60" errors="0" skipped="0" failures="0">
  <properties>
[...]
</properties>
  <testcase name="Given I am on the home page" classname="Scenario: Submit Book your jet form" time="0.002"/>
  <testcase name="When I enter my Username and Password details as below" classname="Scenario: Submit Book your jet form" time="0"/>
  <testcase name="And I click login" classname="Scenario: Submit Book your jet form" time="0"/>
  <testcase name="Then Homepage is displayed" classname="Scenario: Submit Book your jet form" time="0"/>
  <testcase name="Given I click &quot;Book Your Jet&quot; nav bar" classname="Scenario: Submit Book your jet form" time="0"/>
  <testcase name="And I enter &quot;Start Destination&quot;" classname="Scenario: Submit Book your jet form" time="0"/>
  <testcase name="When I enter &quot;End Destination&quot;" classname="Scenario: Submit Book your jet form" time="0"/>
  <testcase name="And I select the timezone" classname="Scenario: Submit Book your jet form" time="0"/>
  <testcase name="And I click submit button" classname="Scenario: Submit Book your jet form" time="0"/>
  <testcase name="Then a book your jet confirmation page is displayed." classname="Scenario: Submit Book your jet form" time="0"/>
  <testcase name="Scenario: Submit Book your jet form" classname="Scenario: Submit Book your jet form" time="1.215"/>
  <testcase name="Given I am on the home page" classname="| montego001 | 12345678 |" time="0"/>
  <testcase name="When I enter my &quot;Username&quot; as &quot;montego001&quot;" classname="| montego001 | 12345678 |" time="0"/>
  <testcase name="And I enter my &quot;Password&quot; as &quot;12345678&quot;" classname="| montego001 | 12345678 |" time="0"/>
  <testcase name="And I click login" classname="| montego001 | 12345678 |" time="0.001"/>
  <testcase name="Then Homepage is displayed" classname="| montego001 | 12345678 |" time="0"/>
  <testcase name="| montego001 | 12345678 |" classname="| montego001 | 12345678 |" time="1.954"/>
  <testcase name="Given I am on the home page" classname="| wegitme | 12345678 |" time="0"/>
  <testcase name="When I enter my &quot;Username&quot; as &quot;wegitme&quot;" classname="| wegitme | 12345678 |" time="0"/>
  <testcase name="And I enter my &quot;Password&quot; as &quot;12345678&quot;" classname="| wegitme | 12345678 |" time="0"/>
  <testcase name="And I click login" classname="| wegitme | 12345678 |" time="0"/>
  <testcase name="Then Homepage is displayed" classname="| wegitme | 12345678 |" time="0"/>
  <testcase name="| wegitme | 12345678 |" classname="| wegitme | 12345678 |" time="0.92"/>
  <testcase name="Given I am on the home page" classname="Scenario: Logout" time="0"/>
  <testcase name="When I enter my Username and Password details as below" classname="Scenario: Logout" time="0"/>
  <testcase name="And I click login" classname="Scenario: Logout" time="0"/>
  <testcase name="Then Homepage is displayed" classname="Scenario: Logout" time="0"/>
  <testcase name="Given I click &quot;logout&quot; link" classname="Scenario: Logout" time="0"/>
  <testcase name="Then I should be on the &quot;Login&quot; page." classname="Scenario: Logout" time="0"/>
  <testcase name="Scenario: Logout" classname="Scenario: Logout" time="1.722"/>
  <testcase name="Given I am on the home page" classname="Scenario: Mouse hover" time="0"/>
  <testcase name="When I enter my Username and Password details as below" classname="Scenario: Mouse hover" time="0"/>
  <testcase name="And I click login" classname="Scenario: Mouse hover" time="0"/>
  <testcase name="Then Homepage is displayed" classname="Scenario: Mouse hover" time="0"/>
  <testcase name="Given I  hover the mouse &quot;On All&quot; nav bar" classname="Scenario: Mouse hover" time="0"/>
  <testcase name="Then &quot;Home&quot; page is displayed" classname="Scenario: Mouse hover" time="0"/>
  <testcase name="Scenario: Mouse hover" classname="Scenario: Mouse hover" time="1.137"/>
  <testcase name="Given I am on the home page" classname="Scenario: Login Datable Examples" time="0"/>
  <testcase name="When I enter my Username and Password details as below" classname="Scenario: Login Datable Examples" time="0"/>
  <testcase name="And I click login" classname="Scenario: Login Datable Examples" time="0"/>
  <testcase name="Then Homepage is displayed" classname="Scenario: Login Datable Examples" time="0"/>
  <testcase name="Scenario: Login Datable Examples" classname="Scenario: Login Datable Examples" time="1.13"/>
  <testcase name="Given I am on the home page" classname="Scenario: Register a user" time="0"/>
  <testcase name="When I click on &quot;Register&quot; button" classname="Scenario: Register a user" time="0"/>
  <testcase name="Then I am on the &quot;Register&quot; page" classname="Scenario: Register a user" time="0"/>
  <testcase name="Given I am on the &quot;Register&quot; page" classname="Scenario: Register a user" time="0"/>
  <testcase name="And I enter my &quot;email&quot; in the &quot;email&quot; field" classname="Scenario: Register a user" time="0"/>
  <testcase name="When I enter my &quot;Username&quot; in the &quot;Username&quot; field" classname="Scenario: Register a user" time="0"/>
  <testcase name="And I enter my &quot;Password&quot; in the &quot;Password&quot; field" classname="Scenario: Register a user" time="0"/>
  <testcase name="And I enter my &quot;Confirm Password&quot; in the &quot;Confirm Password&quot; field" classname="Scenario: Register a user" time="0"/>
  <testcase name="Then I click on &quot;Submit&quot; button" classname="Scenario: Register a user" time="0"/>
  <testcase name="And Homepage is displayed" classname="Scenario: Register a user" time="0"/>
  <testcase name="Scenario: Register a user" classname="Scenario: Register a user" time="0.86"/>
  <testcase name="Given I am on the home page" classname="Scenario: Click all tabs" time="0"/>
  <testcase name="When I enter my Username and Password details as below" classname="Scenario: Click all tabs" time="0"/>
  <testcase name="And I click login" classname="Scenario: Click all tabs" time="0.001"/>
  <testcase name="Then Homepage is displayed" classname="Scenario: Click all tabs" time="0"/>
  <testcase name="Given I click &quot;On All&quot; nav bar" classname="Scenario: Click all tabs" time="0"/>
  <testcase name="Then &quot;Contact Support&quot; page is displayed" classname="Scenario: Click all tabs" time="0"/>
  <testcase name="Scenario: Click all tabs" classname="Scenario: Click all tabs" time="1.117"/>
</testsuite>